
> mvp@1.0.0 dev
> ts-node-dev --respawn --transpile-only src/index.ts --mock

[INFO] 19:58:49 ts-node-dev ver. 2.0.0 (using ts-node ver. 10.9.2, typescript ver. 5.9.3)
[overlay] http://127.0.0.1:5175/overlay/main
[7:58:50 PM] mock:system  { msg: 'mock started' }
[7:58:52 PM] mock:chat agent_one { text: 'Hallo aus dem Mock' }
[7:58:53 PM] mock:chat agent_one { text: 'Hallo aus dem Mock' }
[7:58:54 PM] mock:follow gift_goblin {}
[7:58:55 PM] mock:like agent_one { likeDelta: 10 }
[7:58:56 PM] mock:gift agent_one { giftName: 'TikTok', count: 1 }
[7:58:57 PM] mock:chat gift_goblin { text: 'Hallo aus dem Mock' }
[7:58:58 PM] mock:like gift_goblin { likeDelta: 7 }
[7:59:00 PM] mock:like chat_katze { likeDelta: 8 }
[7:59:01 PM] mock:like chat_katze { likeDelta: 4 }
[7:59:02 PM] mock:chat agent_one { text: 'Hallo aus dem Mock' }
[7:59:03 PM] mock:chat chat_katze { text: 'Hallo aus dem Mock' }
[7:59:04 PM] mock:chat agent_one { text: 'Hallo aus dem Mock' }
[7:59:05 PM] mock:chat chat_katze { text: 'Hallo aus dem Mock' }
[7:59:06 PM] mock:like agent_one { likeDelta: 9 }
[7:59:07 PM] mock:like chat_katze { likeDelta: 6 }
[7:59:09 PM] mock:chat gift_goblin { text: 'Hallo aus dem Mock' }
[7:59:10 PM] mock:share gift_goblin {}
[7:59:11 PM] mock:chat agent_one { text: 'Hallo aus dem Mock' }
[7:59:12 PM] mock:gift agent_one { giftName: 'Rose', count: 3 }
[7:59:13 PM] mock:gift gift_goblin { giftName: 'TikTok', count: 2 }
[7:59:14 PM] mock:chat chat_katze { text: 'Hallo aus dem Mock' }
[7:59:15 PM] mock:share gift_goblin {}
[7:59:16 PM] mock:gift chat_katze { giftName: 'Galaxy', count: 2 }
[7:59:17 PM] mock:chat gift_goblin { text: 'Hallo aus dem Mock' }
[7:59:19 PM] mock:gift chat_katze { giftName: 'Rose', count: 3 }
[7:59:20 PM] mock:follow chat_katze {}
[7:59:21 PM] mock:like gift_goblin { likeDelta: 2 }
[7:59:22 PM] mock:share gift_goblin {}
[7:59:23 PM] mock:like chat_katze { likeDelta: 10 }
[7:59:24 PM] mock:chat agent_one { text: 'Hallo aus dem Mock' }
[7:59:25 PM] mock:gift gift_goblin { giftName: 'TikTok', count: 3 }
[7:59:26 PM] mock:chat agent_one { text: 'Hallo aus dem Mock' }
[7:59:28 PM] mock:chat gift_goblin { text: 'Hallo aus dem Mock' }
[7:59:29 PM] mock:chat chat_katze { text: 'Hallo aus dem Mock' }
[7:59:30 PM] mock:chat chat_katze { text: 'Hallo aus dem Mock' }
[7:59:31 PM] mock:chat gift_goblin { text: 'Hallo aus dem Mock' }
[7:59:32 PM] mock:chat agent_one { text: 'Hallo aus dem Mock' }
[7:59:33 PM] mock:like agent_one { likeDelta: 8 }
[7:59:34 PM] mock:share agent_one {}
[7:59:35 PM] mock:chat gift_goblin { text: 'Hallo aus dem Mock' }
[7:59:36 PM] mock:chat gift_goblin { text: 'Hallo aus dem Mock' }
[7:59:38 PM] mock:gift agent_one { giftName: 'TikTok', count: 3 }
[7:59:39 PM] mock:chat chat_katze { text: 'Hallo aus dem Mock' }
[7:59:40 PM] mock:chat agent_one { text: 'Hallo aus dem Mock' }
[7:59:41 PM] mock:chat gift_goblin { text: 'Hallo aus dem Mock' }
[7:59:42 PM] mock:chat chat_katze { text: 'Hallo aus dem Mock' }
[7:59:43 PM] mock:gift agent_one { giftName: 'Galaxy', count: 1 }
[7:59:44 PM] mock:chat chat_katze { text: 'Hallo aus dem Mock' }
[7:59:45 PM] mock:gift gift_goblin { giftName: 'Lion', count: 1 }
[7:59:46 PM] mock:chat gift_goblin { text: 'Hallo aus dem Mock' }
[7:59:48 PM] mock:like chat_katze { likeDelta: 2 }
[7:59:49 PM] mock:share chat_katze {}
[7:59:50 PM] mock:chat agent_one { text: 'Hallo aus dem Mock' }
[7:59:51 PM] mock:chat gift_goblin { text: 'Hallo aus dem Mock' }
[7:59:52 PM] mock:gift chat_katze { giftName: 'Rose', count: 3 }
[7:59:53 PM] mock:gift chat_katze { giftName: 'Lion', count: 3 }
[7:59:54 PM] mock:gift gift_goblin { giftName: 'Rose', count: 2 }
[7:59:55 PM] mock:gift agent_one { giftName: 'TikTok', count: 1 }
[7:59:57 PM] mock:like gift_goblin { likeDelta: 9 }
[7:59:58 PM] mock:chat agent_one { text: 'Hallo aus dem Mock' }
[7:59:59 PM] mock:chat chat_katze { text: 'Hallo aus dem Mock' }
[8:00:00 PM] mock:like agent_one { likeDelta: 10 }
[8:00:01 PM] mock:chat gift_goblin { text: 'Hallo aus dem Mock' }
[8:00:02 PM] mock:chat agent_one { text: 'Hallo aus dem Mock' }
[8:00:03 PM] mock:gift chat_katze { giftName: 'TikTok', count: 3 }
[8:00:04 PM] mock:chat chat_katze { text: 'Hallo aus dem Mock' }
[8:00:05 PM] mock:chat agent_one { text: 'Hallo aus dem Mock' }
[8:00:07 PM] mock:like agent_one { likeDelta: 4 }
[8:00:08 PM] mock:gift gift_goblin { giftName: 'Galaxy', count: 3 }
[8:00:09 PM] mock:like chat_katze { likeDelta: 3 }
[8:00:10 PM] mock:gift agent_one { giftName: 'Rose', count: 2 }
[8:00:11 PM] mock:chat agent_one { text: 'Hallo aus dem Mock' }
[8:00:12 PM] mock:like agent_one { likeDelta: 10 }
[8:00:13 PM] mock:like gift_goblin { likeDelta: 2 }
[8:00:14 PM] mock:like gift_goblin { likeDelta: 9 }
[8:00:16 PM] mock:chat agent_one { text: 'Hallo aus dem Mock' }
[8:00:17 PM] mock:like chat_katze { likeDelta: 10 }
[8:00:18 PM] mock:gift chat_katze { giftName: 'Rose', count: 2 }
[8:00:19 PM] mock:chat gift_goblin { text: 'Hallo aus dem Mock' }
[8:00:20 PM] mock:gift agent_one { giftName: 'TikTok', count: 2 }
[8:00:21 PM] mock:chat gift_goblin { text: 'Hallo aus dem Mock' }
[8:00:22 PM] mock:like gift_goblin { likeDelta: 4 }
[8:00:23 PM] mock:share chat_katze {}
[8:00:24 PM] mock:chat gift_goblin { text: 'Hallo aus dem Mock' }
[8:00:26 PM] mock:like agent_one { likeDelta: 2 }
[8:00:27 PM] mock:like chat_katze { likeDelta: 5 }
[8:00:28 PM] mock:chat gift_goblin { text: 'Hallo aus dem Mock' }
[8:00:29 PM] mock:gift chat_katze { giftName: 'Rose', count: 3 }
[8:00:30 PM] mock:chat gift_goblin { text: 'Hallo aus dem Mock' }
[8:00:31 PM] mock:like chat_katze { likeDelta: 3 }
[8:00:32 PM] mock:chat gift_goblin { text: 'Hallo aus dem Mock' }
[8:00:33 PM] mock:chat chat_katze { text: 'Hallo aus dem Mock' }
[8:00:35 PM] mock:gift gift_goblin { giftName: 'TikTok', count: 3 }
[8:00:36 PM] mock:share agent_one {}
[8:00:37 PM] mock:chat agent_one { text: 'Hallo aus dem Mock' }
[8:00:38 PM] mock:gift chat_katze { giftName: 'Galaxy', count: 1 }
[8:00:39 PM] mock:like chat_katze { likeDelta: 3 }
[8:00:40 PM] mock:like chat_katze { likeDelta: 2 }
[8:00:41 PM] mock:share gift_goblin {}
[8:00:42 PM] mock:chat gift_goblin { text: 'Hallo aus dem Mock' }
[8:00:43 PM] mock:gift agent_one { giftName: 'Lion', count: 3 }
[8:00:45 PM] mock:like gift_goblin { likeDelta: 1 }
[8:00:46 PM] mock:like agent_one { likeDelta: 9 }
[8:00:47 PM] mock:like chat_katze { likeDelta: 3 }
[8:00:48 PM] mock:like gift_goblin { likeDelta: 7 }
[8:00:49 PM] mock:chat agent_one { text: 'Hallo aus dem Mock' }
[8:00:50 PM] mock:chat chat_katze { text: 'Hallo aus dem Mock' }
[8:00:51 PM] mock:like chat_katze { likeDelta: 3 }
[8:00:52 PM] mock:chat agent_one { text: 'Hallo aus dem Mock' }
[8:00:54 PM] mock:chat gift_goblin { text: 'Hallo aus dem Mock' }
[8:00:55 PM] mock:chat agent_one { text: 'Hallo aus dem Mock' }
[8:00:56 PM] mock:chat agent_one { text: 'Hallo aus dem Mock' }
[8:00:57 PM] mock:like gift_goblin { likeDelta: 2 }
[8:00:58 PM] mock:follow gift_goblin {}
[8:00:59 PM] mock:chat gift_goblin { text: 'Hallo aus dem Mock' }
[8:01:00 PM] mock:follow gift_goblin {}
[8:01:01 PM] mock:chat gift_goblin { text: 'Hallo aus dem Mock' }
[8:01:02 PM] mock:like gift_goblin { likeDelta: 7 }
[8:01:04 PM] mock:chat agent_one { text: 'Hallo aus dem Mock' }
[8:01:05 PM] mock:chat gift_goblin { text: 'Hallo aus dem Mock' }
[8:01:06 PM] mock:like gift_goblin { likeDelta: 4 }
[8:01:07 PM] mock:share gift_goblin {}
[8:01:08 PM] mock:chat gift_goblin { text: 'Hallo aus dem Mock' }
[8:01:09 PM] mock:like chat_katze { likeDelta: 1 }
[8:01:10 PM] mock:like agent_one { likeDelta: 7 }
[8:01:11 PM] mock:chat agent_one { text: 'Hallo aus dem Mock' }
[8:01:13 PM] mock:chat chat_katze { text: 'Hallo aus dem Mock' }
[8:01:14 PM] mock:gift agent_one { giftName: 'Lion', count: 1 }
[8:01:15 PM] mock:chat gift_goblin { text: 'Hallo aus dem Mock' }
[8:01:16 PM] mock:chat gift_goblin { text: 'Hallo aus dem Mock' }
[8:01:17 PM] mock:chat gift_goblin { text: 'Hallo aus dem Mock' }
[8:01:18 PM] mock:chat agent_one { text: 'Hallo aus dem Mock' }
[8:01:19 PM] mock:chat chat_katze { text: 'Hallo aus dem Mock' }
[8:01:20 PM] mock:chat chat_katze { text: 'Hallo aus dem Mock' }
[8:01:21 PM] mock:gift gift_goblin { giftName: 'TikTok', count: 3 }
[8:01:23 PM] mock:chat agent_one { text: 'Hallo aus dem Mock' }
[8:01:24 PM] mock:chat gift_goblin { text: 'Hallo aus dem Mock' }
[8:01:25 PM] mock:like agent_one { likeDelta: 8 }
[8:01:26 PM] mock:chat gift_goblin { text: 'Hallo aus dem Mock' }
[8:01:27 PM] mock:gift chat_katze { giftName: 'Rose', count: 1 }
[8:01:28 PM] mock:gift chat_katze { giftName: 'Lion', count: 3 }
[8:01:29 PM] mock:chat chat_katze { text: 'Hallo aus dem Mock' }
[8:01:30 PM] mock:chat chat_katze { text: 'Hallo aus dem Mock' }
[8:01:32 PM] mock:chat gift_goblin { text: 'Hallo aus dem Mock' }
[8:01:33 PM] mock:gift chat_katze { giftName: 'Lion', count: 2 }
[8:01:34 PM] mock:share gift_goblin {}
[8:01:35 PM] mock:chat chat_katze { text: 'Hallo aus dem Mock' }
[8:01:36 PM] mock:like gift_goblin { likeDelta: 5 }
[8:01:37 PM] mock:chat chat_katze { text: 'Hallo aus dem Mock' }
[8:01:38 PM] mock:chat chat_katze { text: 'Hallo aus dem Mock' }
[8:01:39 PM] mock:like chat_katze { likeDelta: 5 }
[8:01:40 PM] mock:chat gift_goblin { text: 'Hallo aus dem Mock' }
[8:01:42 PM] mock:chat chat_katze { text: 'Hallo aus dem Mock' }
[8:01:43 PM] mock:like chat_katze { likeDelta: 4 }
[8:01:44 PM] mock:like chat_katze { likeDelta: 9 }
[8:01:45 PM] mock:chat agent_one { text: 'Hallo aus dem Mock' }
[8:01:46 PM] mock:chat agent_one { text: 'Hallo aus dem Mock' }
[8:01:47 PM] mock:like gift_goblin { likeDelta: 2 }
[8:01:48 PM] mock:chat chat_katze { text: 'Hallo aus dem Mock' }
[8:01:49 PM] mock:chat agent_one { text: 'Hallo aus dem Mock' }
[8:01:51 PM] mock:like agent_one { likeDelta: 5 }
[8:01:52 PM] mock:chat agent_one { text: 'Hallo aus dem Mock' }
[8:01:53 PM] mock:chat gift_goblin { text: 'Hallo aus dem Mock' }
[8:01:54 PM] mock:chat agent_one { text: 'Hallo aus dem Mock' }
[8:01:55 PM] mock:chat agent_one { text: 'Hallo aus dem Mock' }
[8:01:56 PM] mock:gift gift_goblin { giftName: 'Rose', count: 2 }
[8:01:57 PM] mock:like agent_one { likeDelta: 4 }
[8:01:58 PM] mock:gift gift_goblin { giftName: 'Galaxy', count: 3 }
[8:01:59 PM] mock:like gift_goblin { likeDelta: 2 }
[8:02:01 PM] mock:chat chat_katze { text: 'Hallo aus dem Mock' }
[8:02:02 PM] mock:like gift_goblin { likeDelta: 5 }
[8:02:03 PM] mock:share chat_katze {}
[8:02:04 PM] mock:like agent_one { likeDelta: 2 }
[8:02:05 PM] mock:gift gift_goblin { giftName: 'Lion', count: 1 }
[8:02:06 PM] mock:chat agent_one { text: 'Hallo aus dem Mock' }
[8:02:07 PM] mock:gift chat_katze { giftName: 'TikTok', count: 2 }
[8:02:08 PM] mock:chat gift_goblin { text: 'Hallo aus dem Mock' }
[8:02:10 PM] mock:follow agent_one {}
[8:02:11 PM] mock:chat agent_one { text: 'Hallo aus dem Mock' }
[8:02:12 PM] mock:gift gift_goblin { giftName: 'TikTok', count: 1 }
[8:02:13 PM] mock:chat chat_katze { text: 'Hallo aus dem Mock' }
[8:02:14 PM] mock:gift gift_goblin { giftName: 'Galaxy', count: 1 }
[8:02:15 PM] mock:like chat_katze { likeDelta: 9 }
[8:02:16 PM] mock:like chat_katze { likeDelta: 8 }
[8:02:17 PM] mock:like chat_katze { likeDelta: 2 }
[8:02:18 PM] mock:chat agent_one { text: 'Hallo aus dem Mock' }
[8:02:20 PM] mock:chat agent_one { text: 'Hallo aus dem Mock' }
[8:02:21 PM] mock:like gift_goblin { likeDelta: 2 }
[8:02:22 PM] mock:share chat_katze {}
[8:02:23 PM] mock:like agent_one { likeDelta: 9 }
[8:02:24 PM] mock:like chat_katze { likeDelta: 5 }
[8:02:25 PM] mock:chat agent_one { text: 'Hallo aus dem Mock' }
[8:02:26 PM] mock:gift agent_one { giftName: 'Rose', count: 1 }
[8:02:27 PM] mock:gift gift_goblin { giftName: 'TikTok', count: 1 }
[8:02:29 PM] mock:chat gift_goblin { text: 'Hallo aus dem Mock' }
[8:02:30 PM] mock:share chat_katze {}
[8:02:31 PM] mock:chat gift_goblin { text: 'Hallo aus dem Mock' }
[8:02:32 PM] mock:chat chat_katze { text: 'Hallo aus dem Mock' }
[8:02:33 PM] mock:like chat_katze { likeDelta: 5 }
[8:02:34 PM] mock:chat agent_one { text: 'Hallo aus dem Mock' }
[8:02:35 PM] mock:chat chat_katze { text: 'Hallo aus dem Mock' }
[8:02:36 PM] mock:like gift_goblin { likeDelta: 8 }
[8:02:37 PM] mock:follow chat_katze {}
[8:02:39 PM] mock:chat chat_katze { text: 'Hallo aus dem Mock' }
[8:02:40 PM] mock:chat gift_goblin { text: 'Hallo aus dem Mock' }
[8:02:41 PM] mock:gift agent_one { giftName: 'TikTok', count: 2 }
[8:02:42 PM] mock:gift agent_one { giftName: 'Lion', count: 2 }
[8:02:43 PM] mock:like agent_one { likeDelta: 5 }
[8:02:44 PM] mock:chat gift_goblin { text: 'Hallo aus dem Mock' }
[8:02:45 PM] mock:chat agent_one { text: 'Hallo aus dem Mock' }
[8:02:46 PM] mock:like chat_katze { likeDelta: 10 }
[8:02:48 PM] mock:chat chat_katze { text: 'Hallo aus dem Mock' }
[8:02:49 PM] mock:follow gift_goblin {}
[8:02:50 PM] mock:like agent_one { likeDelta: 2 }
[8:02:51 PM] mock:chat gift_goblin { text: 'Hallo aus dem Mock' }
[8:02:52 PM] mock:chat gift_goblin { text: 'Hallo aus dem Mock' }
[8:02:53 PM] mock:like gift_goblin { likeDelta: 10 }
[8:02:54 PM] mock:like chat_katze { likeDelta: 1 }
[8:02:55 PM] mock:chat gift_goblin { text: 'Hallo aus dem Mock' }
[8:02:56 PM] mock:chat agent_one { text: 'Hallo aus dem Mock' }
[8:02:58 PM] mock:chat chat_katze { text: 'Hallo aus dem Mock' }
[8:02:59 PM] mock:chat gift_goblin { text: 'Hallo aus dem Mock' }
[8:03:00 PM] mock:gift chat_katze { giftName: 'Rose', count: 2 }
[8:03:01 PM] mock:gift chat_katze { giftName: 'Lion', count: 2 }
[8:03:02 PM] mock:chat chat_katze { text: 'Hallo aus dem Mock' }
[8:03:03 PM] mock:follow agent_one {}
[8:03:04 PM] mock:like gift_goblin { likeDelta: 9 }
[8:03:05 PM] mock:gift chat_katze { giftName: 'Rose', count: 3 }
[8:03:07 PM] mock:gift chat_katze { giftName: 'Rose', count: 1 }
[8:03:08 PM] mock:gift gift_goblin { giftName: 'Rose', count: 3 }
[8:03:09 PM] mock:chat gift_goblin { text: 'Hallo aus dem Mock' }
[8:03:10 PM] mock:chat chat_katze { text: 'Hallo aus dem Mock' }
[8:03:11 PM] mock:gift agent_one { giftName: 'Galaxy', count: 2 }
[8:03:12 PM] mock:share chat_katze {}
[8:03:13 PM] mock:chat gift_goblin { text: 'Hallo aus dem Mock' }
[8:03:14 PM] mock:chat agent_one { text: 'Hallo aus dem Mock' }
[8:03:15 PM] mock:like gift_goblin { likeDelta: 8 }
[8:03:17 PM] mock:like agent_one { likeDelta: 9 }
[8:03:18 PM] mock:gift chat_katze { giftName: 'Galaxy', count: 2 }
[8:03:19 PM] mock:like gift_goblin { likeDelta: 8 }
[8:03:20 PM] mock:chat chat_katze { text: 'Hallo aus dem Mock' }
[8:03:21 PM] mock:gift gift_goblin { giftName: 'Galaxy', count: 1 }
[8:03:22 PM] mock:chat chat_katze { text: 'Hallo aus dem Mock' }
[8:03:23 PM] mock:chat agent_one { text: 'Hallo aus dem Mock' }
[8:03:24 PM] mock:like agent_one { likeDelta: 8 }
[8:03:25 PM] mock:chat agent_one { text: 'Hallo aus dem Mock' }
[8:03:27 PM] mock:chat gift_goblin { text: 'Hallo aus dem Mock' }
[8:03:28 PM] mock:chat agent_one { text: 'Hallo aus dem Mock' }
[8:03:29 PM] mock:gift chat_katze { giftName: 'Galaxy', count: 3 }
[8:03:30 PM] mock:like agent_one { likeDelta: 1 }
[8:03:31 PM] mock:gift chat_katze { giftName: 'Lion', count: 3 }
[8:03:32 PM] mock:chat agent_one { text: 'Hallo aus dem Mock' }
[8:03:33 PM] mock:gift chat_katze { giftName: 'Galaxy', count: 2 }
[8:03:34 PM] mock:like agent_one { likeDelta: 2 }
[8:03:36 PM] mock:gift gift_goblin { giftName: 'Galaxy', count: 3 }
[8:03:37 PM] mock:follow agent_one {}
[8:03:38 PM] mock:chat gift_goblin { text: 'Hallo aus dem Mock' }
[8:03:39 PM] mock:gift chat_katze { giftName: 'Galaxy', count: 1 }
[8:03:40 PM] mock:chat gift_goblin { text: 'Hallo aus dem Mock' }
[8:03:41 PM] mock:chat chat_katze { text: 'Hallo aus dem Mock' }
[8:03:42 PM] mock:chat chat_katze { text: 'Hallo aus dem Mock' }
[8:03:43 PM] mock:like agent_one { likeDelta: 9 }
[8:03:44 PM] mock:chat agent_one { text: 'Hallo aus dem Mock' }
[8:03:46 PM] mock:like chat_katze { likeDelta: 5 }
[8:03:47 PM] mock:like agent_one { likeDelta: 6 }
[8:03:48 PM] mock:chat chat_katze { text: 'Hallo aus dem Mock' }
[8:03:49 PM] mock:chat agent_one { text: 'Hallo aus dem Mock' }
[8:03:50 PM] mock:like agent_one { likeDelta: 8 }
[8:03:51 PM] mock:like agent_one { likeDelta: 3 }
[8:03:52 PM] mock:chat agent_one { text: 'Hallo aus dem Mock' }
[8:03:53 PM] mock:gift agent_one { giftName: 'Lion', count: 2 }
[8:03:55 PM] mock:chat agent_one { text: 'Hallo aus dem Mock' }
[8:03:56 PM] mock:chat agent_one { text: 'Hallo aus dem Mock' }
[8:03:57 PM] mock:chat chat_katze { text: 'Hallo aus dem Mock' }
[8:03:58 PM] mock:chat gift_goblin { text: 'Hallo aus dem Mock' }
[8:03:59 PM] mock:follow chat_katze {}
[8:04:00 PM] mock:chat agent_one { text: 'Hallo aus dem Mock' }
[8:04:01 PM] mock:like chat_katze { likeDelta: 3 }
[8:04:02 PM] mock:chat chat_katze { text: 'Hallo aus dem Mock' }
[8:04:03 PM] mock:gift chat_katze { giftName: 'Lion', count: 3 }
[8:04:05 PM] mock:chat chat_katze { text: 'Hallo aus dem Mock' }
[8:04:06 PM] mock:chat agent_one { text: 'Hallo aus dem Mock' }
[8:04:07 PM] mock:chat chat_katze { text: 'Hallo aus dem Mock' }
[8:04:08 PM] mock:gift agent_one { giftName: 'TikTok', count: 2 }
[8:04:09 PM] mock:chat chat_katze { text: 'Hallo aus dem Mock' }
[8:04:10 PM] mock:chat chat_katze { text: 'Hallo aus dem Mock' }
[8:04:11 PM] mock:like gift_goblin { likeDelta: 1 }
[8:04:12 PM] mock:follow gift_goblin {}
[8:04:14 PM] mock:chat chat_katze { text: 'Hallo aus dem Mock' }
[8:04:15 PM] mock:chat gift_goblin { text: 'Hallo aus dem Mock' }
[8:04:16 PM] mock:chat gift_goblin { text: 'Hallo aus dem Mock' }
[8:04:17 PM] mock:chat gift_goblin { text: 'Hallo aus dem Mock' }
[8:04:18 PM] mock:chat agent_one { text: 'Hallo aus dem Mock' }
[8:04:19 PM] mock:chat chat_katze { text: 'Hallo aus dem Mock' }
[8:04:20 PM] mock:chat agent_one { text: 'Hallo aus dem Mock' }
[8:04:21 PM] mock:chat gift_goblin { text: 'Hallo aus dem Mock' }
[8:04:22 PM] mock:chat chat_katze { text: 'Hallo aus dem Mock' }
[8:04:24 PM] mock:like gift_goblin { likeDelta: 3 }
[8:04:25 PM] mock:share agent_one {}
[8:04:26 PM] mock:follow chat_katze {}
[8:04:27 PM] mock:chat chat_katze { text: 'Hallo aus dem Mock' }
[8:04:28 PM] mock:share agent_one {}
[8:04:29 PM] mock:follow chat_katze {}
[8:04:30 PM] mock:chat chat_katze { text: 'Hallo aus dem Mock' }
[8:04:31 PM] mock:like agent_one { likeDelta: 5 }
[8:04:33 PM] mock:chat gift_goblin { text: 'Hallo aus dem Mock' }
[8:04:34 PM] mock:like chat_katze { likeDelta: 9 }
[8:04:35 PM] mock:like gift_goblin { likeDelta: 5 }
[8:04:36 PM] mock:chat chat_katze { text: 'Hallo aus dem Mock' }
[8:04:37 PM] mock:chat gift_goblin { text: 'Hallo aus dem Mock' }
[8:04:38 PM] mock:like agent_one { likeDelta: 3 }
[8:04:39 PM] mock:chat chat_katze { text: 'Hallo aus dem Mock' }
[8:04:40 PM] mock:like chat_katze { likeDelta: 5 }
[8:04:41 PM] mock:chat gift_goblin { text: 'Hallo aus dem Mock' }
[8:04:43 PM] mock:chat agent_one { text: 'Hallo aus dem Mock' }
[8:04:44 PM] mock:chat chat_katze { text: 'Hallo aus dem Mock' }
[8:04:45 PM] mock:chat gift_goblin { text: 'Hallo aus dem Mock' }
[8:04:46 PM] mock:chat agent_one { text: 'Hallo aus dem Mock' }
[8:04:47 PM] mock:chat gift_goblin { text: 'Hallo aus dem Mock' }
[8:04:48 PM] mock:chat gift_goblin { text: 'Hallo aus dem Mock' }
[8:04:49 PM] mock:like agent_one { likeDelta: 3 }
[8:04:50 PM] mock:chat agent_one { text: 'Hallo aus dem Mock' }
[8:04:52 PM] mock:chat agent_one { text: 'Hallo aus dem Mock' }
[8:04:53 PM] mock:gift gift_goblin { giftName: 'Lion', count: 3 }
[8:04:54 PM] mock:gift agent_one { giftName: 'Galaxy', count: 2 }
[8:04:55 PM] mock:chat chat_katze { text: 'Hallo aus dem Mock' }
[8:04:56 PM] mock:like chat_katze { likeDelta: 7 }
[8:04:57 PM] mock:like chat_katze { likeDelta: 4 }
[8:04:58 PM] mock:gift chat_katze { giftName: 'Lion', count: 1 }
[8:04:59 PM] mock:chat agent_one { text: 'Hallo aus dem Mock' }
[8:05:00 PM] mock:gift agent_one { giftName: 'TikTok', count: 1 }
[8:05:02 PM] mock:chat gift_goblin { text: 'Hallo aus dem Mock' }
[8:05:03 PM] mock:gift gift_goblin { giftName: 'TikTok', count: 3 }
[8:05:04 PM] mock:like agent_one { likeDelta: 1 }
[8:05:05 PM] mock:chat chat_katze { text: 'Hallo aus dem Mock' }
[8:05:06 PM] mock:chat chat_katze { text: 'Hallo aus dem Mock' }
[8:05:07 PM] mock:follow gift_goblin {}
[8:05:08 PM] mock:chat agent_one { text: 'Hallo aus dem Mock' }
[8:05:09 PM] mock:like agent_one { likeDelta: 2 }
[8:05:11 PM] mock:follow agent_one {}
[8:05:12 PM] mock:gift agent_one { giftName: 'Rose', count: 2 }
[8:05:13 PM] mock:chat chat_katze { text: 'Hallo aus dem Mock' }
[8:05:14 PM] mock:chat chat_katze { text: 'Hallo aus dem Mock' }
[8:05:15 PM] mock:gift chat_katze { giftName: 'Rose', count: 3 }
[8:05:16 PM] mock:chat agent_one { text: 'Hallo aus dem Mock' }
[8:05:17 PM] mock:share agent_one {}
[8:05:18 PM] mock:chat agent_one { text: 'Hallo aus dem Mock' }
[8:05:19 PM] mock:like gift_goblin { likeDelta: 10 }
[8:05:21 PM] mock:like chat_katze { likeDelta: 5 }
[8:05:22 PM] mock:chat agent_one { text: 'Hallo aus dem Mock' }
[8:05:23 PM] mock:like agent_one { likeDelta: 6 }
[8:05:24 PM] mock:follow gift_goblin {}
[8:05:25 PM] mock:gift agent_one { giftName: 'TikTok', count: 2 }
[8:05:26 PM] mock:gift chat_katze { giftName: 'Lion', count: 2 }
[8:05:27 PM] mock:chat agent_one { text: 'Hallo aus dem Mock' }
[8:05:28 PM] mock:chat gift_goblin { text: 'Hallo aus dem Mock' }
[8:05:30 PM] mock:chat gift_goblin { text: 'Hallo aus dem Mock' }
[8:05:31 PM] mock:chat gift_goblin { text: 'Hallo aus dem Mock' }
[8:05:32 PM] mock:gift agent_one { giftName: 'TikTok', count: 1 }
[8:05:33 PM] mock:share chat_katze {}
[8:05:34 PM] mock:gift agent_one { giftName: 'Lion', count: 2 }
[8:05:35 PM] mock:chat chat_katze { text: 'Hallo aus dem Mock' }
[8:05:36 PM] mock:chat agent_one { text: 'Hallo aus dem Mock' }
[8:05:37 PM] mock:share chat_katze {}
[8:05:38 PM] mock:chat chat_katze { text: 'Hallo aus dem Mock' }
[8:05:40 PM] mock:gift gift_goblin { giftName: 'Galaxy', count: 2 }
[8:05:41 PM] mock:chat chat_katze { text: 'Hallo aus dem Mock' }
[8:05:42 PM] mock:chat agent_one { text: 'Hallo aus dem Mock' }
[8:05:43 PM] mock:like gift_goblin { likeDelta: 8 }
[8:05:44 PM] mock:follow gift_goblin {}
[8:05:45 PM] mock:gift gift_goblin { giftName: 'Galaxy', count: 2 }
[8:05:46 PM] mock:gift gift_goblin { giftName: 'TikTok', count: 2 }
[8:05:47 PM] mock:gift gift_goblin { giftName: 'TikTok', count: 2 }
[8:05:49 PM] mock:chat gift_goblin { text: 'Hallo aus dem Mock' }
[8:05:50 PM] mock:chat gift_goblin { text: 'Hallo aus dem Mock' }
[8:05:51 PM] mock:gift agent_one { giftName: 'Rose', count: 3 }
[8:05:52 PM] mock:like agent_one { likeDelta: 9 }
[8:05:53 PM] mock:like agent_one { likeDelta: 4 }
[8:05:54 PM] mock:like agent_one { likeDelta: 5 }
[8:05:55 PM] mock:gift gift_goblin { giftName: 'Lion', count: 3 }
[8:05:56 PM] mock:chat gift_goblin { text: 'Hallo aus dem Mock' }
[8:05:57 PM] mock:chat agent_one { text: 'Hallo aus dem Mock' }
[8:05:59 PM] mock:like gift_goblin { likeDelta: 4 }
[8:06:00 PM] mock:chat agent_one { text: 'Hallo aus dem Mock' }
[8:06:01 PM] mock:chat gift_goblin { text: 'Hallo aus dem Mock' }
[8:06:02 PM] mock:like agent_one { likeDelta: 3 }
[8:06:03 PM] mock:gift gift_goblin { giftName: 'Lion', count: 1 }
[8:06:04 PM] mock:like agent_one { likeDelta: 5 }
[8:06:05 PM] mock:chat chat_katze { text: 'Hallo aus dem Mock' }
[8:06:06 PM] mock:follow agent_one {}
[8:06:07 PM] mock:like agent_one { likeDelta: 6 }
[8:06:09 PM] mock:chat gift_goblin { text: 'Hallo aus dem Mock' }
[8:06:10 PM] mock:gift gift_goblin { giftName: 'TikTok', count: 3 }
[8:06:11 PM] mock:chat chat_katze { text: 'Hallo aus dem Mock' }
[8:06:12 PM] mock:gift agent_one { giftName: 'Galaxy', count: 1 }
[8:06:13 PM] mock:chat chat_katze { text: 'Hallo aus dem Mock' }
[8:06:14 PM] mock:chat agent_one { text: 'Hallo aus dem Mock' }
[8:06:15 PM] mock:gift chat_katze { giftName: 'Galaxy', count: 2 }
[8:06:16 PM] mock:chat chat_katze { text: 'Hallo aus dem Mock' }
[8:06:18 PM] mock:share gift_goblin {}
[8:06:19 PM] mock:chat chat_katze { text: 'Hallo aus dem Mock' }
[8:06:20 PM] mock:gift agent_one { giftName: 'Lion', count: 1 }
[8:06:21 PM] mock:chat chat_katze { text: 'Hallo aus dem Mock' }
[8:06:22 PM] mock:chat agent_one { text: 'Hallo aus dem Mock' }
[8:06:23 PM] mock:chat chat_katze { text: 'Hallo aus dem Mock' }
[8:06:24 PM] mock:like agent_one { likeDelta: 4 }
[8:06:25 PM] mock:chat chat_katze { text: 'Hallo aus dem Mock' }
[8:06:26 PM] mock:like agent_one { likeDelta: 4 }
[8:06:28 PM] mock:chat chat_katze { text: 'Hallo aus dem Mock' }
[8:06:29 PM] mock:like agent_one { likeDelta: 7 }
